{"/Users/andela/Desktop/tut/capstone/app.js": {"path":"/Users/andela/Desktop/tut/capstone/app.js","statementMap":{"0":{"start":{"line":2,"column":0},"end":{"line":2,"column":29}},"1":{"start":{"line":3,"column":0},"end":{"line":3,"column":32}},"2":{"start":{"line":11,"column":12},"end":{"line":11,"column":21}},"3":{"start":{"line":24,"column":0},"end":{"line":24,"column":16}},"4":{"start":{"line":25,"column":0},"end":{"line":25,"column":37}},"5":{"start":{"line":27,"column":0},"end":{"line":27,"column":20}},"6":{"start":{"line":28,"column":0},"end":{"line":28,"column":20}},"7":{"start":{"line":30,"column":0},"end":{"line":32,"column":2}},"8":{"start":{"line":31,"column":4},"end":{"line":31,"column":45}},"9":{"start":{"line":33,"column":0},"end":{"line":33,"column":54}},"10":{"start":{"line":34,"column":0},"end":{"line":34,"column":56}},"11":{"start":{"line":35,"column":0},"end":{"line":35,"column":62}}},"fnMap":{"0":{"name":"(anonymous_0)","decl":{"start":{"line":30,"column":12},"end":{"line":30,"column":13}},"loc":{"start":{"line":30,"column":23},"end":{"line":32,"column":1}},"line":30}},"branchMap":{},"s":{"0":1,"1":1,"2":1,"3":1,"4":1,"5":1,"6":1,"7":1,"8":0,"9":1,"10":1,"11":1},"f":{"0":0},"b":{},"_coverageSchema":"1a1c01bbd47fc00a2c39e90264f33305004495a9","hash":"5806a5b857b76ffd96619ba011b8f9da8fe08428"}
,"/Users/andela/Desktop/tut/capstone/src/controllers/blogs.js": {"path":"/Users/andela/Desktop/tut/capstone/src/controllers/blogs.js","statementMap":{"0":{"start":{"line":10,"column":17},"end":{"line":10,"column":31}},"1":{"start":{"line":13,"column":24},"end":{"line":41,"column":1}},"2":{"start":{"line":14,"column":0},"end":{"line":39,"column":1}},"3":{"start":{"line":16,"column":19},"end":{"line":16,"column":29}},"4":{"start":{"line":18,"column":5},"end":{"line":18,"column":39}},"5":{"start":{"line":19,"column":5},"end":{"line":19,"column":36}},"6":{"start":{"line":20,"column":5},"end":{"line":20,"column":37}},"7":{"start":{"line":21,"column":5},"end":{"line":21,"column":40}},"8":{"start":{"line":23,"column":18},"end":{"line":23,"column":38}},"9":{"start":{"line":24,"column":17},"end":{"line":30,"column":6}},"10":{"start":{"line":32,"column":5},"end":{"line":32,"column":58}},"11":{"start":{"line":34,"column":5},"end":{"line":34,"column":31}},"12":{"start":{"line":37,"column":4},"end":{"line":37,"column":50}},"13":{"start":{"line":38,"column":4},"end":{"line":38,"column":30}},"14":{"start":{"line":43,"column":24},"end":{"line":55,"column":1}},"15":{"start":{"line":44,"column":18},"end":{"line":44,"column":35}},"16":{"start":{"line":46,"column":4},"end":{"line":48,"column":5}},"17":{"start":{"line":47,"column":7},"end":{"line":47,"column":62}},"18":{"start":{"line":49,"column":4},"end":{"line":53,"column":18}},"19":{"start":{"line":57,"column":27},"end":{"line":75,"column":1}},"20":{"start":{"line":58,"column":4},"end":{"line":73,"column":6}},"21":{"start":{"line":59,"column":8},"end":{"line":72,"column":10}},"22":{"start":{"line":60,"column":12},"end":{"line":71,"column":26}},"23":{"start":{"line":77,"column":26},"end":{"line":128,"column":1}},"24":{"start":{"line":78,"column":16},"end":{"line":78,"column":36}},"25":{"start":{"line":80,"column":4},"end":{"line":89,"column":5}},"26":{"start":{"line":81,"column":8},"end":{"line":81,"column":56}},"27":{"start":{"line":84,"column":5},"end":{"line":88,"column":22}},"28":{"start":{"line":92,"column":14},"end":{"line":92,"column":40}},"29":{"start":{"line":93,"column":4},"end":{"line":99,"column":5}},"30":{"start":{"line":94,"column":8},"end":{"line":98,"column":23}},"31":{"start":{"line":101,"column":18},"end":{"line":107,"column":5}},"32":{"start":{"line":109,"column":4},"end":{"line":127,"column":6}},"33":{"start":{"line":110,"column":8},"end":{"line":123,"column":22}},"34":{"start":{"line":126,"column":8},"end":{"line":126,"column":34}},"35":{"start":{"line":130,"column":26},"end":{"line":169,"column":1}},"36":{"start":{"line":131,"column":16},"end":{"line":131,"column":36}},"37":{"start":{"line":134,"column":8},"end":{"line":134,"column":56}},"38":{"start":{"line":136,"column":4},"end":{"line":140,"column":22}},"39":{"start":{"line":136,"column":14},"end":{"line":140,"column":22}},"40":{"start":{"line":143,"column":14},"end":{"line":143,"column":40}},"41":{"start":{"line":144,"column":4},"end":{"line":150,"column":5}},"42":{"start":{"line":145,"column":8},"end":{"line":149,"column":23}},"43":{"start":{"line":152,"column":2},"end":{"line":168,"column":6}},"44":{"start":{"line":153,"column":8},"end":{"line":165,"column":22}},"45":{"start":{"line":167,"column":8},"end":{"line":167,"column":24}}},"fnMap":{"0":{"name":"(anonymous_0)","decl":{"start":{"line":13,"column":24},"end":{"line":13,"column":25}},"loc":{"start":{"line":13,"column":40},"end":{"line":41,"column":1}},"line":13},"1":{"name":"(anonymous_1)","decl":{"start":{"line":43,"column":24},"end":{"line":43,"column":25}},"loc":{"start":{"line":43,"column":40},"end":{"line":55,"column":1}},"line":43},"2":{"name":"(anonymous_2)","decl":{"start":{"line":57,"column":27},"end":{"line":57,"column":28}},"loc":{"start":{"line":57,"column":45},"end":{"line":75,"column":1}},"line":57},"3":{"name":"(anonymous_3)","decl":{"start":{"line":58,"column":50},"end":{"line":58,"column":51}},"loc":{"start":{"line":58,"column":64},"end":{"line":73,"column":5}},"line":58},"4":{"name":"(anonymous_4)","decl":{"start":{"line":59,"column":52},"end":{"line":59,"column":53}},"loc":{"start":{"line":59,"column":62},"end":{"line":72,"column":9}},"line":59},"5":{"name":"(anonymous_5)","decl":{"start":{"line":77,"column":26},"end":{"line":77,"column":27}},"loc":{"start":{"line":77,"column":44},"end":{"line":128,"column":1}},"line":77},"6":{"name":"(anonymous_6)","decl":{"start":{"line":109,"column":47},"end":{"line":109,"column":48}},"loc":{"start":{"line":109,"column":62},"end":{"line":125,"column":5}},"line":109},"7":{"name":"(anonymous_7)","decl":{"start":{"line":125,"column":13},"end":{"line":125,"column":14}},"loc":{"start":{"line":125,"column":19},"end":{"line":127,"column":5}},"line":125},"8":{"name":"(anonymous_8)","decl":{"start":{"line":130,"column":26},"end":{"line":130,"column":27}},"loc":{"start":{"line":130,"column":44},"end":{"line":169,"column":1}},"line":130},"9":{"name":"(anonymous_9)","decl":{"start":{"line":152,"column":36},"end":{"line":152,"column":37}},"loc":{"start":{"line":152,"column":50},"end":{"line":166,"column":5}},"line":152},"10":{"name":"(anonymous_10)","decl":{"start":{"line":166,"column":13},"end":{"line":166,"column":14}},"loc":{"start":{"line":166,"column":22},"end":{"line":168,"column":5}},"line":166}},"branchMap":{"0":{"loc":{"start":{"line":46,"column":4},"end":{"line":48,"column":5}},"type":"if","locations":[{"start":{"line":46,"column":4},"end":{"line":48,"column":5}},{"start":{"line":46,"column":4},"end":{"line":48,"column":5}}],"line":46},"1":{"loc":{"start":{"line":93,"column":4},"end":{"line":99,"column":5}},"type":"if","locations":[{"start":{"line":93,"column":4},"end":{"line":99,"column":5}},{"start":{"line":93,"column":4},"end":{"line":99,"column":5}}],"line":93},"2":{"loc":{"start":{"line":93,"column":7},"end":{"line":93,"column":55}},"type":"binary-expr","locations":[{"start":{"line":93,"column":7},"end":{"line":93,"column":27}},{"start":{"line":93,"column":31},"end":{"line":93,"column":55}}],"line":93},"3":{"loc":{"start":{"line":136,"column":4},"end":{"line":140,"column":22}},"type":"if","locations":[{"start":{"line":136,"column":4},"end":{"line":140,"column":22}},{"start":{"line":136,"column":4},"end":{"line":140,"column":22}}],"line":136},"4":{"loc":{"start":{"line":144,"column":4},"end":{"line":150,"column":5}},"type":"if","locations":[{"start":{"line":144,"column":4},"end":{"line":150,"column":5}},{"start":{"line":144,"column":4},"end":{"line":150,"column":5}}],"line":144},"5":{"loc":{"start":{"line":144,"column":7},"end":{"line":144,"column":55}},"type":"binary-expr","locations":[{"start":{"line":144,"column":7},"end":{"line":144,"column":27}},{"start":{"line":144,"column":31},"end":{"line":144,"column":55}}],"line":144}},"s":{"0":1,"1":1,"2":0,"3":0,"4":0,"5":0,"6":0,"7":0,"8":0,"9":0,"10":0,"11":0,"12":0,"13":0,"14":1,"15":2,"16":2,"17":2,"18":0,"19":1,"20":0,"21":0,"22":0,"23":1,"24":0,"25":0,"26":0,"27":0,"28":0,"29":0,"30":0,"31":0,"32":0,"33":0,"34":0,"35":1,"36":0,"37":0,"38":0,"39":0,"40":0,"41":0,"42":0,"43":0,"44":0,"45":0},"f":{"0":0,"1":2,"2":0,"3":0,"4":0,"5":0,"6":0,"7":0,"8":0,"9":0,"10":0},"b":{"0":[2,0],"1":[0,0],"2":[0,0],"3":[0,0],"4":[0,0],"5":[0,0]},"_coverageSchema":"1a1c01bbd47fc00a2c39e90264f33305004495a9","hash":"b7ae895f72e3d7fe51424c3990a63a0466ee3d20"}
,"/Users/andela/Desktop/tut/capstone/src/controllers/inquiries.js": {"path":"/Users/andela/Desktop/tut/capstone/src/controllers/inquiries.js","statementMap":{"0":{"start":{"line":1,"column":26},"end":{"line":1,"column":64}},"1":{"start":{"line":2,"column":18},"end":{"line":2,"column":46}},"2":{"start":{"line":3,"column":23},"end":{"line":3,"column":55}},"3":{"start":{"line":6,"column":0},"end":{"line":34,"column":1}},"4":{"start":{"line":8,"column":15},"end":{"line":8,"column":23}},"5":{"start":{"line":15,"column":17},"end":{"line":15,"column":30}},"6":{"start":{"line":16,"column":7},"end":{"line":16,"column":32}},"7":{"start":{"line":17,"column":7},"end":{"line":17,"column":34}},"8":{"start":{"line":18,"column":7},"end":{"line":18,"column":38}},"9":{"start":{"line":19,"column":7},"end":{"line":19,"column":45}},"10":{"start":{"line":20,"column":7},"end":{"line":33,"column":9}},"11":{"start":{"line":21,"column":11},"end":{"line":26,"column":25}},"12":{"start":{"line":28,"column":11},"end":{"line":32,"column":25}},"13":{"start":{"line":37,"column":0},"end":{"line":51,"column":1}},"14":{"start":{"line":38,"column":5},"end":{"line":50,"column":7}},"15":{"start":{"line":39,"column":9},"end":{"line":43,"column":23}},"16":{"start":{"line":45,"column":9},"end":{"line":49,"column":23}},"17":{"start":{"line":53,"column":0},"end":{"line":69,"column":1}},"18":{"start":{"line":54,"column":17},"end":{"line":54,"column":34}},"19":{"start":{"line":56,"column":4},"end":{"line":68,"column":6}},"20":{"start":{"line":57,"column":8},"end":{"line":61,"column":22}},"21":{"start":{"line":63,"column":8},"end":{"line":67,"column":22}},"22":{"start":{"line":71,"column":0},"end":{"line":87,"column":1}},"23":{"start":{"line":72,"column":13},"end":{"line":72,"column":26}},"24":{"start":{"line":74,"column":4},"end":{"line":86,"column":6}},"25":{"start":{"line":75,"column":8},"end":{"line":79,"column":22}},"26":{"start":{"line":81,"column":8},"end":{"line":85,"column":22}},"27":{"start":{"line":89,"column":0},"end":{"line":143,"column":1}},"28":{"start":{"line":90,"column":13},"end":{"line":90,"column":26}},"29":{"start":{"line":91,"column":17},"end":{"line":91,"column":34}},"30":{"start":{"line":93,"column":4},"end":{"line":103,"column":5}},"31":{"start":{"line":94,"column":8},"end":{"line":94,"column":52}},"32":{"start":{"line":98,"column":8},"end":{"line":102,"column":22}},"33":{"start":{"line":105,"column":4},"end":{"line":111,"column":5}},"34":{"start":{"line":106,"column":8},"end":{"line":110,"column":22}},"35":{"start":{"line":113,"column":4},"end":{"line":119,"column":5}},"36":{"start":{"line":121,"column":5},"end":{"line":142,"column":7}},"37":{"start":{"line":122,"column":9},"end":{"line":135,"column":23}},"38":{"start":{"line":137,"column":9},"end":{"line":141,"column":11}}},"fnMap":{"0":{"name":"(anonymous_0)","decl":{"start":{"line":6,"column":22},"end":{"line":6,"column":23}},"loc":{"start":{"line":6,"column":40},"end":{"line":34,"column":1}},"line":6},"1":{"name":"(anonymous_1)","decl":{"start":{"line":20,"column":27},"end":{"line":20,"column":28}},"loc":{"start":{"line":20,"column":38},"end":{"line":27,"column":8}},"line":20},"2":{"name":"(anonymous_2)","decl":{"start":{"line":27,"column":16},"end":{"line":27,"column":17}},"loc":{"start":{"line":27,"column":25},"end":{"line":33,"column":8}},"line":27},"3":{"name":"(anonymous_3)","decl":{"start":{"line":37,"column":23},"end":{"line":37,"column":24}},"loc":{"start":{"line":37,"column":41},"end":{"line":51,"column":1}},"line":37},"4":{"name":"(anonymous_4)","decl":{"start":{"line":38,"column":31},"end":{"line":38,"column":32}},"loc":{"start":{"line":38,"column":44},"end":{"line":44,"column":6}},"line":38},"5":{"name":"(anonymous_5)","decl":{"start":{"line":44,"column":14},"end":{"line":44,"column":15}},"loc":{"start":{"line":44,"column":23},"end":{"line":50,"column":6}},"line":44},"6":{"name":"(anonymous_6)","decl":{"start":{"line":53,"column":29},"end":{"line":53,"column":30}},"loc":{"start":{"line":53,"column":47},"end":{"line":69,"column":1}},"line":53},"7":{"name":"(anonymous_7)","decl":{"start":{"line":56,"column":49},"end":{"line":56,"column":50}},"loc":{"start":{"line":56,"column":62},"end":{"line":62,"column":5}},"line":56},"8":{"name":"(anonymous_8)","decl":{"start":{"line":62,"column":13},"end":{"line":62,"column":14}},"loc":{"start":{"line":62,"column":22},"end":{"line":68,"column":5}},"line":62},"9":{"name":"(anonymous_9)","decl":{"start":{"line":71,"column":25},"end":{"line":71,"column":26}},"loc":{"start":{"line":71,"column":43},"end":{"line":87,"column":1}},"line":71},"10":{"name":"(anonymous_10)","decl":{"start":{"line":74,"column":42},"end":{"line":74,"column":43}},"loc":{"start":{"line":74,"column":55},"end":{"line":80,"column":5}},"line":74},"11":{"name":"(anonymous_11)","decl":{"start":{"line":80,"column":13},"end":{"line":80,"column":14}},"loc":{"start":{"line":80,"column":22},"end":{"line":86,"column":5}},"line":80},"12":{"name":"(anonymous_12)","decl":{"start":{"line":89,"column":23},"end":{"line":89,"column":24}},"loc":{"start":{"line":89,"column":41},"end":{"line":143,"column":1}},"line":89},"13":{"name":"(anonymous_13)","decl":{"start":{"line":121,"column":57},"end":{"line":121,"column":58}},"loc":{"start":{"line":121,"column":63},"end":{"line":136,"column":6}},"line":121},"14":{"name":"(anonymous_14)","decl":{"start":{"line":136,"column":14},"end":{"line":136,"column":15}},"loc":{"start":{"line":136,"column":23},"end":{"line":142,"column":6}},"line":136}},"branchMap":{"0":{"loc":{"start":{"line":105,"column":4},"end":{"line":111,"column":5}},"type":"if","locations":[{"start":{"line":105,"column":4},"end":{"line":111,"column":5}},{"start":{"line":105,"column":4},"end":{"line":111,"column":5}}],"line":105},"1":{"loc":{"start":{"line":105,"column":7},"end":{"line":105,"column":33}},"type":"binary-expr","locations":[{"start":{"line":105,"column":7},"end":{"line":105,"column":18}},{"start":{"line":105,"column":22},"end":{"line":105,"column":33}}],"line":105}},"s":{"0":1,"1":1,"2":1,"3":1,"4":0,"5":0,"6":0,"7":0,"8":0,"9":0,"10":0,"11":0,"12":0,"13":1,"14":0,"15":0,"16":0,"17":1,"18":0,"19":0,"20":0,"21":0,"22":1,"23":0,"24":0,"25":0,"26":0,"27":1,"28":0,"29":0,"30":0,"31":0,"32":0,"33":0,"34":0,"35":0,"36":0,"37":0,"38":0},"f":{"0":0,"1":0,"2":0,"3":0,"4":0,"5":0,"6":0,"7":0,"8":0,"9":0,"10":0,"11":0,"12":0,"13":0,"14":0},"b":{"0":[0,0],"1":[0,0]},"_coverageSchema":"1a1c01bbd47fc00a2c39e90264f33305004495a9","hash":"0220ff2b0e84021a5519ecd93a76556a84f63b74"}
,"/Users/andela/Desktop/tut/capstone/src/controllers/user.js": {"path":"/Users/andela/Desktop/tut/capstone/src/controllers/user.js","statementMap":{"0":{"start":{"line":9,"column":29},"end":{"line":27,"column":1}},"1":{"start":{"line":10,"column":4},"end":{"line":10,"column":23}},"2":{"start":{"line":11,"column":11},"end":{"line":11,"column":54}},"3":{"start":{"line":12,"column":4},"end":{"line":12,"column":67}},"4":{"start":{"line":12,"column":13},"end":{"line":12,"column":67}},"5":{"start":{"line":14,"column":4},"end":{"line":14,"column":64}},"6":{"start":{"line":15,"column":20},"end":{"line":15,"column":53}},"7":{"start":{"line":16,"column":4},"end":{"line":16,"column":28}},"8":{"start":{"line":17,"column":4},"end":{"line":18,"column":46}},"9":{"start":{"line":19,"column":4},"end":{"line":19,"column":22}},"10":{"start":{"line":20,"column":4},"end":{"line":26,"column":21}},"11":{"start":{"line":29,"column":21},"end":{"line":56,"column":2}},"12":{"start":{"line":30,"column":12},"end":{"line":30,"column":56}},"13":{"start":{"line":32,"column":4},"end":{"line":38,"column":5}},"14":{"start":{"line":33,"column":8},"end":{"line":37,"column":22}},"15":{"start":{"line":40,"column":24},"end":{"line":40,"column":70}},"16":{"start":{"line":41,"column":4},"end":{"line":47,"column":5}},"17":{"start":{"line":42,"column":8},"end":{"line":46,"column":22}},"18":{"start":{"line":48,"column":22},"end":{"line":48,"column":62}},"19":{"start":{"line":49,"column":4},"end":{"line":55,"column":6}},"20":{"start":{"line":58,"column":24},"end":{"line":62,"column":1}},"21":{"start":{"line":59,"column":6},"end":{"line":61,"column":8}},"22":{"start":{"line":60,"column":10},"end":{"line":60,"column":75}},"23":{"start":{"line":64,"column":30},"end":{"line":109,"column":1}},"24":{"start":{"line":65,"column":17},"end":{"line":65,"column":30}},"25":{"start":{"line":67,"column":15},"end":{"line":67,"column":30}},"26":{"start":{"line":69,"column":4},"end":{"line":75,"column":7}},"27":{"start":{"line":70,"column":8},"end":{"line":74,"column":25}},"28":{"start":{"line":77,"column":4},"end":{"line":108,"column":5}},"29":{"start":{"line":79,"column":8},"end":{"line":79,"column":50}},"30":{"start":{"line":80,"column":8},"end":{"line":86,"column":9}},"31":{"start":{"line":87,"column":8},"end":{"line":100,"column":10}},"32":{"start":{"line":88,"column":12},"end":{"line":99,"column":26}},"33":{"start":{"line":103,"column":8},"end":{"line":107,"column":22}},"34":{"start":{"line":111,"column":29},"end":{"line":151,"column":1}},"35":{"start":{"line":112,"column":13},"end":{"line":112,"column":26}},"36":{"start":{"line":113,"column":20},"end":{"line":113,"column":40}},"37":{"start":{"line":115,"column":4},"end":{"line":148,"column":5}},"38":{"start":{"line":116,"column":19},"end":{"line":116,"column":49}},"39":{"start":{"line":117,"column":22},"end":{"line":123,"column":9}},"40":{"start":{"line":125,"column":8},"end":{"line":138,"column":10}},"41":{"start":{"line":126,"column":12},"end":{"line":126,"column":35}},"42":{"start":{"line":127,"column":12},"end":{"line":131,"column":26}},"43":{"start":{"line":133,"column":12},"end":{"line":137,"column":14}},"44":{"start":{"line":142,"column":8},"end":{"line":147,"column":22}}},"fnMap":{"0":{"name":"(anonymous_0)","decl":{"start":{"line":9,"column":29},"end":{"line":9,"column":30}},"loc":{"start":{"line":9,"column":47},"end":{"line":27,"column":1}},"line":9},"1":{"name":"(anonymous_1)","decl":{"start":{"line":29,"column":21},"end":{"line":29,"column":22}},"loc":{"start":{"line":29,"column":40},"end":{"line":56,"column":2}},"line":29},"2":{"name":"(anonymous_2)","decl":{"start":{"line":58,"column":24},"end":{"line":58,"column":25}},"loc":{"start":{"line":58,"column":43},"end":{"line":62,"column":1}},"line":58},"3":{"name":"(anonymous_3)","decl":{"start":{"line":59,"column":30},"end":{"line":59,"column":31}},"loc":{"start":{"line":59,"column":39},"end":{"line":61,"column":7}},"line":59},"4":{"name":"(anonymous_4)","decl":{"start":{"line":64,"column":30},"end":{"line":64,"column":31}},"loc":{"start":{"line":64,"column":50},"end":{"line":109,"column":1}},"line":64},"5":{"name":"(anonymous_5)","decl":{"start":{"line":87,"column":65},"end":{"line":87,"column":66}},"loc":{"start":{"line":87,"column":69},"end":{"line":100,"column":9}},"line":87},"6":{"name":"(anonymous_6)","decl":{"start":{"line":111,"column":29},"end":{"line":111,"column":30}},"loc":{"start":{"line":111,"column":48},"end":{"line":151,"column":1}},"line":111},"7":{"name":"(anonymous_7)","decl":{"start":{"line":125,"column":61},"end":{"line":125,"column":62}},"loc":{"start":{"line":125,"column":65},"end":{"line":132,"column":9}},"line":125},"8":{"name":"(anonymous_8)","decl":{"start":{"line":132,"column":17},"end":{"line":132,"column":18}},"loc":{"start":{"line":132,"column":26},"end":{"line":138,"column":9}},"line":132}},"branchMap":{"0":{"loc":{"start":{"line":12,"column":4},"end":{"line":12,"column":67}},"type":"if","locations":[{"start":{"line":12,"column":4},"end":{"line":12,"column":67}},{"start":{"line":12,"column":4},"end":{"line":12,"column":67}}],"line":12},"1":{"loc":{"start":{"line":32,"column":4},"end":{"line":38,"column":5}},"type":"if","locations":[{"start":{"line":32,"column":4},"end":{"line":38,"column":5}},{"start":{"line":32,"column":4},"end":{"line":38,"column":5}}],"line":32},"2":{"loc":{"start":{"line":41,"column":4},"end":{"line":47,"column":5}},"type":"if","locations":[{"start":{"line":41,"column":4},"end":{"line":47,"column":5}},{"start":{"line":41,"column":4},"end":{"line":47,"column":5}}],"line":41},"3":{"loc":{"start":{"line":69,"column":4},"end":{"line":75,"column":7}},"type":"if","locations":[{"start":{"line":69,"column":4},"end":{"line":75,"column":7}},{"start":{"line":69,"column":4},"end":{"line":75,"column":7}}],"line":69},"4":{"loc":{"start":{"line":69,"column":7},"end":{"line":69,"column":49}},"type":"binary-expr","locations":[{"start":{"line":69,"column":7},"end":{"line":69,"column":22}},{"start":{"line":69,"column":26},"end":{"line":69,"column":49}}],"line":69}},"s":{"0":1,"1":0,"2":0,"3":0,"4":0,"5":0,"6":0,"7":0,"8":0,"9":0,"10":0,"11":1,"12":0,"13":0,"14":0,"15":0,"16":0,"17":0,"18":0,"19":0,"20":1,"21":0,"22":0,"23":1,"24":0,"25":0,"26":0,"27":0,"28":0,"29":0,"30":0,"31":0,"32":0,"33":0,"34":1,"35":0,"36":0,"37":0,"38":0,"39":0,"40":0,"41":0,"42":0,"43":0,"44":0},"f":{"0":0,"1":0,"2":0,"3":0,"4":0,"5":0,"6":0,"7":0,"8":0},"b":{"0":[0,0],"1":[0,0],"2":[0,0],"3":[0,0],"4":[0,0]},"_coverageSchema":"1a1c01bbd47fc00a2c39e90264f33305004495a9","hash":"379849cc955ad99eab8412ed576c5f9d0564890d"}
,"/Users/andela/Desktop/tut/capstone/src/helper/schema/blogSchema.js": {"path":"/Users/andela/Desktop/tut/capstone/src/helper/schema/blogSchema.js","statementMap":{"0":{"start":{"line":3,"column":34},"end":{"line":6,"column":2}}},"fnMap":{},"branchMap":{},"s":{"0":1},"f":{},"b":{},"_coverageSchema":"1a1c01bbd47fc00a2c39e90264f33305004495a9","hash":"179ac04f68f40f40d1f71b9dac5e7048a44dc5f5"}
,"/Users/andela/Desktop/tut/capstone/src/middleware/admin.js": {"path":"/Users/andela/Desktop/tut/capstone/src/middleware/admin.js","statementMap":{"0":{"start":{"line":1,"column":12},"end":{"line":1,"column":35}},"1":{"start":{"line":2,"column":15},"end":{"line":2,"column":32}},"2":{"start":{"line":4,"column":17},"end":{"line":4,"column":37}},"3":{"start":{"line":5,"column":4},"end":{"line":5,"column":101}},"4":{"start":{"line":5,"column":16},"end":{"line":5,"column":101}},"5":{"start":{"line":7,"column":4},"end":{"line":26,"column":5}},"6":{"start":{"line":8,"column":23},"end":{"line":8,"column":70}},"7":{"start":{"line":9,"column":21},"end":{"line":9,"column":27}},"8":{"start":{"line":10,"column":8},"end":{"line":21,"column":9}},"9":{"start":{"line":11,"column":12},"end":{"line":17,"column":13}},"10":{"start":{"line":12,"column":16},"end":{"line":12,"column":23}},"11":{"start":{"line":15,"column":16},"end":{"line":15,"column":101}},"12":{"start":{"line":20,"column":12},"end":{"line":20,"column":88}},"13":{"start":{"line":25,"column":8},"end":{"line":25,"column":58}},"14":{"start":{"line":28,"column":0},"end":{"line":28,"column":25}}},"fnMap":{"0":{"name":"isAdmin","decl":{"start":{"line":3,"column":9},"end":{"line":3,"column":16}},"loc":{"start":{"line":3,"column":30},"end":{"line":27,"column":1}},"line":3}},"branchMap":{"0":{"loc":{"start":{"line":5,"column":4},"end":{"line":5,"column":101}},"type":"if","locations":[{"start":{"line":5,"column":4},"end":{"line":5,"column":101}},{"start":{"line":5,"column":4},"end":{"line":5,"column":101}}],"line":5},"1":{"loc":{"start":{"line":10,"column":8},"end":{"line":21,"column":9}},"type":"if","locations":[{"start":{"line":10,"column":8},"end":{"line":21,"column":9}},{"start":{"line":10,"column":8},"end":{"line":21,"column":9}}],"line":10},"2":{"loc":{"start":{"line":11,"column":12},"end":{"line":17,"column":13}},"type":"if","locations":[{"start":{"line":11,"column":12},"end":{"line":17,"column":13}},{"start":{"line":11,"column":12},"end":{"line":17,"column":13}}],"line":11}},"s":{"0":1,"1":1,"2":0,"3":0,"4":0,"5":0,"6":0,"7":0,"8":0,"9":0,"10":0,"11":0,"12":0,"13":0,"14":1},"f":{"0":0},"b":{"0":[0,0],"1":[0,0],"2":[0,0]},"_coverageSchema":"1a1c01bbd47fc00a2c39e90264f33305004495a9","hash":"ce75e6a1843e1b8f1241b8fb3cd6076bc2e7d39d"}
,"/Users/andela/Desktop/tut/capstone/src/middleware/auth.js": {"path":"/Users/andela/Desktop/tut/capstone/src/middleware/auth.js","statementMap":{"0":{"start":{"line":4,"column":0},"end":{"line":4,"column":16}},"1":{"start":{"line":6,"column":13},"end":{"line":27,"column":1}},"2":{"start":{"line":7,"column":4},"end":{"line":26,"column":5}},"3":{"start":{"line":8,"column":21},"end":{"line":8,"column":46}},"4":{"start":{"line":10,"column":8},"end":{"line":10,"column":104}},"5":{"start":{"line":10,"column":20},"end":{"line":10,"column":104}},"6":{"start":{"line":11,"column":23},"end":{"line":11,"column":57}},"7":{"start":{"line":12,"column":21},"end":{"line":12,"column":27}},"8":{"start":{"line":14,"column":8},"end":{"line":20,"column":9}},"9":{"start":{"line":15,"column":12},"end":{"line":15,"column":32}},"10":{"start":{"line":16,"column":12},"end":{"line":16,"column":19}},"11":{"start":{"line":19,"column":12},"end":{"line":19,"column":88}},"12":{"start":{"line":24,"column":8},"end":{"line":24,"column":25}},"13":{"start":{"line":25,"column":8},"end":{"line":25,"column":58}}},"fnMap":{"0":{"name":"(anonymous_0)","decl":{"start":{"line":6,"column":13},"end":{"line":6,"column":14}},"loc":{"start":{"line":6,"column":31},"end":{"line":27,"column":1}},"line":6}},"branchMap":{"0":{"loc":{"start":{"line":10,"column":8},"end":{"line":10,"column":104}},"type":"if","locations":[{"start":{"line":10,"column":8},"end":{"line":10,"column":104}},{"start":{"line":10,"column":8},"end":{"line":10,"column":104}}],"line":10},"1":{"loc":{"start":{"line":14,"column":8},"end":{"line":20,"column":9}},"type":"if","locations":[{"start":{"line":14,"column":8},"end":{"line":20,"column":9}},{"start":{"line":14,"column":8},"end":{"line":20,"column":9}}],"line":14}},"s":{"0":1,"1":1,"2":0,"3":0,"4":0,"5":0,"6":0,"7":0,"8":0,"9":0,"10":0,"11":0,"12":0,"13":0},"f":{"0":0},"b":{"0":[0,0],"1":[0,0]},"_coverageSchema":"1a1c01bbd47fc00a2c39e90264f33305004495a9","hash":"540fb620554e9a0fecc5d2db163e2ed73e626dc1"}
,"/Users/andela/Desktop/tut/capstone/src/middleware/errorTemplate/errors.js": {"path":"/Users/andela/Desktop/tut/capstone/src/middleware/errorTemplate/errors.js","statementMap":{"0":{"start":{"line":4,"column":17},"end":{"line":4,"column":31}},"1":{"start":{"line":6,"column":0},"end":{"line":6,"column":16}},"2":{"start":{"line":9,"column":4},"end":{"line":27,"column":7}},"3":{"start":{"line":10,"column":8},"end":{"line":22,"column":9}},"4":{"start":{"line":16,"column":24},"end":{"line":19,"column":11}},"5":{"start":{"line":20,"column":10},"end":{"line":20,"column":40}},"6":{"start":{"line":21,"column":10},"end":{"line":21,"column":36}},"7":{"start":{"line":24,"column":22},"end":{"line":24,"column":84}},"8":{"start":{"line":25,"column":8},"end":{"line":25,"column":38}},"9":{"start":{"line":26,"column":8},"end":{"line":26,"column":34}},"10":{"start":{"line":29,"column":2},"end":{"line":29,"column":9}}},"fnMap":{"0":{"name":"(anonymous_0)","decl":{"start":{"line":8,"column":14},"end":{"line":8,"column":15}},"loc":{"start":{"line":8,"column":39},"end":{"line":30,"column":1}},"line":8}},"branchMap":{"0":{"loc":{"start":{"line":9,"column":4},"end":{"line":27,"column":7}},"type":"if","locations":[{"start":{"line":9,"column":4},"end":{"line":27,"column":7}},{"start":{"line":9,"column":4},"end":{"line":27,"column":7}}],"line":9},"1":{"loc":{"start":{"line":10,"column":8},"end":{"line":22,"column":9}},"type":"if","locations":[{"start":{"line":10,"column":8},"end":{"line":22,"column":9}},{"start":{"line":10,"column":8},"end":{"line":22,"column":9}}],"line":10}},"s":{"0":1,"1":1,"2":0,"3":0,"4":0,"5":0,"6":0,"7":0,"8":0,"9":0,"10":0},"f":{"0":0},"b":{"0":[0,0],"1":[0,0]},"_coverageSchema":"1a1c01bbd47fc00a2c39e90264f33305004495a9","hash":"0f04891de8eebcf1cc40caac0a0641d04b1c0b1a"}
,"/Users/andela/Desktop/tut/capstone/src/middleware/validators/blogValidation.js": {"path":"/Users/andela/Desktop/tut/capstone/src/middleware/validators/blogValidation.js","statementMap":{"0":{"start":{"line":6,"column":0},"end":{"line":6,"column":16}},"1":{"start":{"line":10,"column":22},"end":{"line":10,"column":59}},"2":{"start":{"line":11,"column":4},"end":{"line":11,"column":44}}},"fnMap":{"0":{"name":"(anonymous_0)","decl":{"start":{"line":9,"column":2},"end":{"line":9,"column":3}},"loc":{"start":{"line":9,"column":48},"end":{"line":12,"column":3}},"line":9}},"branchMap":{},"s":{"0":1,"1":0,"2":0},"f":{"0":0},"b":{},"_coverageSchema":"1a1c01bbd47fc00a2c39e90264f33305004495a9","hash":"1e25d271711d2de4b7d512e57de4fc1bb7b9ddf8"}
,"/Users/andela/Desktop/tut/capstone/src/models/blogs.js": {"path":"/Users/andela/Desktop/tut/capstone/src/models/blogs.js","statementMap":{"0":{"start":{"line":2,"column":19},"end":{"line":22,"column":2}},"1":{"start":{"line":24,"column":13},"end":{"line":24,"column":37}},"2":{"start":{"line":25,"column":14},"end":{"line":25,"column":18}}},"fnMap":{},"branchMap":{},"s":{"0":1,"1":1,"2":1},"f":{},"b":{},"_coverageSchema":"1a1c01bbd47fc00a2c39e90264f33305004495a9","hash":"c10217180d1084a189030928b31ab136e616bb6a"}
,"/Users/andela/Desktop/tut/capstone/src/models/inquiry.js": {"path":"/Users/andela/Desktop/tut/capstone/src/models/inquiry.js","statementMap":{"0":{"start":{"line":2,"column":22},"end":{"line":24,"column":2}},"1":{"start":{"line":26,"column":16},"end":{"line":26,"column":46}},"2":{"start":{"line":27,"column":17},"end":{"line":27,"column":24}}},"fnMap":{},"branchMap":{},"s":{"0":1,"1":1,"2":1},"f":{},"b":{},"_coverageSchema":"1a1c01bbd47fc00a2c39e90264f33305004495a9","hash":"2b9078d36c004ccf1f8450fd81af54719f4095e4"}
,"/Users/andela/Desktop/tut/capstone/src/models/users.js": {"path":"/Users/andela/Desktop/tut/capstone/src/models/users.js","statementMap":{"0":{"start":{"line":3,"column":30},"end":{"line":24,"column":2}},"1":{"start":{"line":25,"column":15},"end":{"line":25,"column":52}},"2":{"start":{"line":26,"column":16},"end":{"line":26,"column":21}}},"fnMap":{},"branchMap":{},"s":{"0":1,"1":1,"2":1},"f":{},"b":{},"_coverageSchema":"1a1c01bbd47fc00a2c39e90264f33305004495a9","hash":"0a73e5f3d73e1d5fa5f1e0806e7815521ec2ca93"}
,"/Users/andela/Desktop/tut/capstone/src/routes/blogs.js": {"path":"/Users/andela/Desktop/tut/capstone/src/routes/blogs.js","statementMap":{"0":{"start":{"line":7,"column":15},"end":{"line":7,"column":23}},"1":{"start":{"line":9,"column":0},"end":{"line":15,"column":2}},"2":{"start":{"line":17,"column":0},"end":{"line":17,"column":25}},"3":{"start":{"line":19,"column":0},"end":{"line":19,"column":31}},"4":{"start":{"line":21,"column":0},"end":{"line":21,"column":60}},"5":{"start":{"line":23,"column":0},"end":{"line":23,"column":58}}},"fnMap":{},"branchMap":{},"s":{"0":1,"1":1,"2":1,"3":1,"4":1,"5":1},"f":{},"b":{},"_coverageSchema":"1a1c01bbd47fc00a2c39e90264f33305004495a9","hash":"881d41be8a740bde18e41203a39fe1e1b0c062ee"}
,"/Users/andela/Desktop/tut/capstone/src/routes/inquiries.js": {"path":"/Users/andela/Desktop/tut/capstone/src/routes/inquiries.js","statementMap":{"0":{"start":{"line":1,"column":16},"end":{"line":1,"column":34}},"1":{"start":{"line":2,"column":15},"end":{"line":2,"column":31}},"2":{"start":{"line":4,"column":0},"end":{"line":4,"column":35}},"3":{"start":{"line":5,"column":16},"end":{"line":5,"column":46}},"4":{"start":{"line":7,"column":0},"end":{"line":7,"column":41}},"5":{"start":{"line":8,"column":0},"end":{"line":8,"column":52}},"6":{"start":{"line":9,"column":0},"end":{"line":9,"column":62}},"7":{"start":{"line":10,"column":0},"end":{"line":10,"column":57}},"8":{"start":{"line":11,"column":0},"end":{"line":11,"column":78}},"9":{"start":{"line":14,"column":0},"end":{"line":14,"column":24}}},"fnMap":{},"branchMap":{},"s":{"0":1,"1":1,"2":1,"3":1,"4":1,"5":1,"6":1,"7":1,"8":1,"9":1},"f":{},"b":{},"_coverageSchema":"1a1c01bbd47fc00a2c39e90264f33305004495a9","hash":"efef7a73ab6e2d7aa58eb1a39fa833b58f1a2ce5"}
,"/Users/andela/Desktop/tut/capstone/src/routes/users.js": {"path":"/Users/andela/Desktop/tut/capstone/src/routes/users.js","statementMap":{"0":{"start":{"line":7,"column":15},"end":{"line":7,"column":23}},"1":{"start":{"line":9,"column":0},"end":{"line":9,"column":37}},"2":{"start":{"line":11,"column":0},"end":{"line":11,"column":29}},"3":{"start":{"line":13,"column":0},"end":{"line":13,"column":35}},"4":{"start":{"line":15,"column":0},"end":{"line":15,"column":71}},"5":{"start":{"line":17,"column":0},"end":{"line":17,"column":63}}},"fnMap":{},"branchMap":{},"s":{"0":1,"1":1,"2":1,"3":1,"4":1,"5":1},"f":{},"b":{},"_coverageSchema":"1a1c01bbd47fc00a2c39e90264f33305004495a9","hash":"723e3350651285b7f9f3cad7fa72135dc9eed1cf"}
,"/Users/andela/Desktop/tut/capstone/src/utils/auth.currentUser.js": {"path":"/Users/andela/Desktop/tut/capstone/src/utils/auth.currentUser.js","statementMap":{"0":{"start":{"line":1,"column":12},"end":{"line":1,"column":35}},"1":{"start":{"line":2,"column":15},"end":{"line":2,"column":32}},"2":{"start":{"line":5,"column":17},"end":{"line":5,"column":37}},"3":{"start":{"line":6,"column":4},"end":{"line":6,"column":101}},"4":{"start":{"line":6,"column":16},"end":{"line":6,"column":101}},"5":{"start":{"line":8,"column":4},"end":{"line":21,"column":5}},"6":{"start":{"line":9,"column":23},"end":{"line":9,"column":70}},"7":{"start":{"line":10,"column":21},"end":{"line":10,"column":27}},"8":{"start":{"line":11,"column":8},"end":{"line":16,"column":9}},"9":{"start":{"line":12,"column":11},"end":{"line":12,"column":23}},"10":{"start":{"line":15,"column":12},"end":{"line":15,"column":88}},"11":{"start":{"line":20,"column":8},"end":{"line":20,"column":58}},"12":{"start":{"line":24,"column":0},"end":{"line":24,"column":29}}},"fnMap":{"0":{"name":"currentUser","decl":{"start":{"line":4,"column":9},"end":{"line":4,"column":20}},"loc":{"start":{"line":4,"column":29},"end":{"line":22,"column":1}},"line":4}},"branchMap":{"0":{"loc":{"start":{"line":6,"column":4},"end":{"line":6,"column":101}},"type":"if","locations":[{"start":{"line":6,"column":4},"end":{"line":6,"column":101}},{"start":{"line":6,"column":4},"end":{"line":6,"column":101}}],"line":6},"1":{"loc":{"start":{"line":11,"column":8},"end":{"line":16,"column":9}},"type":"if","locations":[{"start":{"line":11,"column":8},"end":{"line":16,"column":9}},{"start":{"line":11,"column":8},"end":{"line":16,"column":9}}],"line":11}},"s":{"0":1,"1":1,"2":0,"3":0,"4":0,"5":0,"6":0,"7":0,"8":0,"9":0,"10":0,"11":0,"12":1},"f":{"0":0},"b":{"0":[0,0],"1":[0,0]},"_coverageSchema":"1a1c01bbd47fc00a2c39e90264f33305004495a9","hash":"73dcb7194e91f0e0b25b08f46b292562712fd08b"}
,"/Users/andela/Desktop/tut/capstone/src/utils/date.js": {"path":"/Users/andela/Desktop/tut/capstone/src/utils/date.js","statementMap":{"0":{"start":{"line":2,"column":15},"end":{"line":2,"column":25}},"1":{"start":{"line":3,"column":16},"end":{"line":3,"column":77}},"2":{"start":{"line":4,"column":4},"end":{"line":4,"column":17}}},"fnMap":{"0":{"name":"(anonymous_0)","decl":{"start":{"line":1,"column":15},"end":{"line":1,"column":16}},"loc":{"start":{"line":1,"column":19},"end":{"line":5,"column":1}},"line":1}},"branchMap":{},"s":{"0":0,"1":0,"2":0},"f":{"0":0},"b":{},"_coverageSchema":"1a1c01bbd47fc00a2c39e90264f33305004495a9","hash":"6ecd829204e2798323006b4fdee4b10f80261ea2"}
,"/Users/andela/Desktop/tut/capstone/src/utils/hashPassword.js": {"path":"/Users/andela/Desktop/tut/capstone/src/utils/hashPassword.js","statementMap":{"0":{"start":{"line":1,"column":15},"end":{"line":1,"column":32}},"1":{"start":{"line":3,"column":15},"end":{"line":3,"column":38}},"2":{"start":{"line":4,"column":4},"end":{"line":4,"column":38}},"3":{"start":{"line":6,"column":0},"end":{"line":6,"column":30}}},"fnMap":{"0":{"name":"hashpassword","decl":{"start":{"line":2,"column":15},"end":{"line":2,"column":27}},"loc":{"start":{"line":2,"column":37},"end":{"line":5,"column":1}},"line":2}},"branchMap":{},"s":{"0":1,"1":0,"2":0,"3":1},"f":{"0":0},"b":{},"_coverageSchema":"1a1c01bbd47fc00a2c39e90264f33305004495a9","hash":"1a38f760e229556e8d872683548621fd994bd50f"}
,"/Users/andela/Desktop/tut/capstone/src/utils/jwtSigner.js": {"path":"/Users/andela/Desktop/tut/capstone/src/utils/jwtSigner.js","statementMap":{"0":{"start":{"line":5,"column":16},"end":{"line":8,"column":1}},"1":{"start":{"line":6,"column":16},"end":{"line":6,"column":46}},"2":{"start":{"line":7,"column":4},"end":{"line":7,"column":17}}},"fnMap":{"0":{"name":"(anonymous_0)","decl":{"start":{"line":5,"column":16},"end":{"line":5,"column":17}},"loc":{"start":{"line":5,"column":24},"end":{"line":8,"column":1}},"line":5}},"branchMap":{},"s":{"0":1,"1":0,"2":0},"f":{"0":0},"b":{},"_coverageSchema":"1a1c01bbd47fc00a2c39e90264f33305004495a9","hash":"95219d5b43840a4eba2126316f7b60802d7cdf18"}
,"/Users/andela/Desktop/tut/capstone/src/utils/response.js": {"path":"/Users/andela/Desktop/tut/capstone/src/utils/response.js","statementMap":{"0":{"start":{"line":3,"column":6},"end":{"line":3,"column":29}},"1":{"start":{"line":4,"column":6},"end":{"line":4,"column":23}},"2":{"start":{"line":5,"column":6},"end":{"line":5,"column":23}},"3":{"start":{"line":6,"column":6},"end":{"line":6,"column":26}},"4":{"start":{"line":10,"column":6},"end":{"line":10,"column":35}},"5":{"start":{"line":11,"column":6},"end":{"line":11,"column":29}},"6":{"start":{"line":12,"column":6},"end":{"line":12,"column":23}},"7":{"start":{"line":13,"column":6},"end":{"line":13,"column":28}},"8":{"start":{"line":17,"column":6},"end":{"line":17,"column":35}},"9":{"start":{"line":18,"column":6},"end":{"line":18,"column":29}},"10":{"start":{"line":19,"column":6},"end":{"line":19,"column":26}},"11":{"start":{"line":23,"column":21},"end":{"line":27,"column":7}},"12":{"start":{"line":28,"column":6},"end":{"line":30,"column":7}},"13":{"start":{"line":29,"column":8},"end":{"line":29,"column":56}},"14":{"start":{"line":31,"column":6},"end":{"line":34,"column":9}}},"fnMap":{"0":{"name":"(anonymous_0)","decl":{"start":{"line":2,"column":4},"end":{"line":2,"column":5}},"loc":{"start":{"line":2,"column":18},"end":{"line":7,"column":5}},"line":2},"1":{"name":"(anonymous_1)","decl":{"start":{"line":9,"column":4},"end":{"line":9,"column":5}},"loc":{"start":{"line":9,"column":42},"end":{"line":14,"column":5}},"line":9},"2":{"name":"(anonymous_2)","decl":{"start":{"line":16,"column":4},"end":{"line":16,"column":5}},"loc":{"start":{"line":16,"column":34},"end":{"line":20,"column":5}},"line":16},"3":{"name":"(anonymous_3)","decl":{"start":{"line":22,"column":4},"end":{"line":22,"column":5}},"loc":{"start":{"line":22,"column":14},"end":{"line":35,"column":5}},"line":22}},"branchMap":{"0":{"loc":{"start":{"line":28,"column":6},"end":{"line":30,"column":7}},"type":"if","locations":[{"start":{"line":28,"column":6},"end":{"line":30,"column":7}},{"start":{"line":28,"column":6},"end":{"line":30,"column":7}}],"line":28}},"s":{"0":2,"1":2,"2":2,"3":2,"4":0,"5":0,"6":0,"7":0,"8":0,"9":0,"10":0,"11":0,"12":0,"13":0,"14":0},"f":{"0":2,"1":0,"2":0,"3":0},"b":{"0":[0,0]},"_coverageSchema":"1a1c01bbd47fc00a2c39e90264f33305004495a9","hash":"d3c2e6a78b3acc1a0b9e2c2f1cfcb04ff1fce30d"}
,"/Users/andela/Desktop/tut/capstone/src/utils/uniqueId.js": {"path":"/Users/andela/Desktop/tut/capstone/src/utils/uniqueId.js","statementMap":{"0":{"start":{"line":2,"column":13},"end":{"line":2,"column":33}},"1":{"start":{"line":3,"column":15},"end":{"line":7,"column":6}},"2":{"start":{"line":4,"column":16},"end":{"line":4,"column":46}},"3":{"start":{"line":5,"column":8},"end":{"line":5,"column":31}},"4":{"start":{"line":6,"column":8},"end":{"line":6,"column":54}},"5":{"start":{"line":8,"column":4},"end":{"line":8,"column":16}},"6":{"start":{"line":10,"column":0},"end":{"line":10,"column":38}}},"fnMap":{"0":{"name":"create_UUID","decl":{"start":{"line":1,"column":9},"end":{"line":1,"column":20}},"loc":{"start":{"line":1,"column":22},"end":{"line":9,"column":1}},"line":1},"1":{"name":"(anonymous_1)","decl":{"start":{"line":3,"column":71},"end":{"line":3,"column":72}},"loc":{"start":{"line":3,"column":83},"end":{"line":7,"column":5}},"line":3}},"branchMap":{"0":{"loc":{"start":{"line":6,"column":16},"end":{"line":6,"column":39}},"type":"cond-expr","locations":[{"start":{"line":6,"column":25},"end":{"line":6,"column":26}},{"start":{"line":6,"column":29},"end":{"line":6,"column":38}}],"line":6}},"s":{"0":0,"1":0,"2":0,"3":0,"4":0,"5":0,"6":1},"f":{"0":0,"1":0},"b":{"0":[0,0]},"_coverageSchema":"1a1c01bbd47fc00a2c39e90264f33305004495a9","hash":"0a5c8c600ccf535ba60a5251d5fd94be2fe25f8c"}
}
