TN:
SF:app.js
FN:30,(anonymous_0)
FNF:1
FNH:0
FNDA:0,(anonymous_0)
DA:2,1
DA:3,1
DA:11,1
DA:24,1
DA:25,1
DA:27,1
DA:28,1
DA:30,1
DA:31,0
DA:33,1
DA:34,1
DA:35,1
LF:12
LH:11
BRF:0
BRH:0
end_of_record
TN:
SF:src/controllers/blogs.js
FN:13,(anonymous_0)
FN:43,(anonymous_1)
FN:57,(anonymous_2)
FN:58,(anonymous_3)
FN:59,(anonymous_4)
FN:77,(anonymous_5)
FN:109,(anonymous_6)
FN:125,(anonymous_7)
FN:130,(anonymous_8)
FN:152,(anonymous_9)
FN:166,(anonymous_10)
FNF:11
FNH:1
FNDA:0,(anonymous_0)
FNDA:2,(anonymous_1)
FNDA:0,(anonymous_2)
FNDA:0,(anonymous_3)
FNDA:0,(anonymous_4)
FNDA:0,(anonymous_5)
FNDA:0,(anonymous_6)
FNDA:0,(anonymous_7)
FNDA:0,(anonymous_8)
FNDA:0,(anonymous_9)
FNDA:0,(anonymous_10)
DA:10,1
DA:13,1
DA:14,0
DA:16,0
DA:18,0
DA:19,0
DA:20,0
DA:21,0
DA:23,0
DA:24,0
DA:32,0
DA:34,0
DA:37,0
DA:38,0
DA:43,1
DA:44,2
DA:46,2
DA:47,2
DA:49,0
DA:57,1
DA:58,0
DA:59,0
DA:60,0
DA:77,1
DA:78,0
DA:80,0
DA:81,0
DA:84,0
DA:92,0
DA:93,0
DA:94,0
DA:101,0
DA:109,0
DA:110,0
DA:126,0
DA:130,1
DA:131,0
DA:134,0
DA:136,0
DA:143,0
DA:144,0
DA:145,0
DA:152,0
DA:153,0
DA:167,0
LF:45
LH:9
BRDA:46,0,0,2
BRDA:46,0,1,0
BRDA:93,1,0,0
BRDA:93,1,1,0
BRDA:93,2,0,0
BRDA:93,2,1,0
BRDA:136,3,0,0
BRDA:136,3,1,0
BRDA:144,4,0,0
BRDA:144,4,1,0
BRDA:144,5,0,0
BRDA:144,5,1,0
BRF:12
BRH:1
end_of_record
TN:
SF:src/controllers/inquiries.js
FN:6,(anonymous_0)
FN:20,(anonymous_1)
FN:27,(anonymous_2)
FN:37,(anonymous_3)
FN:38,(anonymous_4)
FN:44,(anonymous_5)
FN:53,(anonymous_6)
FN:56,(anonymous_7)
FN:62,(anonymous_8)
FN:71,(anonymous_9)
FN:74,(anonymous_10)
FN:80,(anonymous_11)
FN:89,(anonymous_12)
FN:121,(anonymous_13)
FN:136,(anonymous_14)
FNF:15
FNH:0
FNDA:0,(anonymous_0)
FNDA:0,(anonymous_1)
FNDA:0,(anonymous_2)
FNDA:0,(anonymous_3)
FNDA:0,(anonymous_4)
FNDA:0,(anonymous_5)
FNDA:0,(anonymous_6)
FNDA:0,(anonymous_7)
FNDA:0,(anonymous_8)
FNDA:0,(anonymous_9)
FNDA:0,(anonymous_10)
FNDA:0,(anonymous_11)
FNDA:0,(anonymous_12)
FNDA:0,(anonymous_13)
FNDA:0,(anonymous_14)
DA:1,1
DA:2,1
DA:3,1
DA:6,1
DA:8,0
DA:15,0
DA:16,0
DA:17,0
DA:18,0
DA:19,0
DA:20,0
DA:21,0
DA:28,0
DA:37,1
DA:38,0
DA:39,0
DA:45,0
DA:53,1
DA:54,0
DA:56,0
DA:57,0
DA:63,0
DA:71,1
DA:72,0
DA:74,0
DA:75,0
DA:81,0
DA:89,1
DA:90,0
DA:91,0
DA:93,0
DA:94,0
DA:98,0
DA:105,0
DA:106,0
DA:113,0
DA:121,0
DA:122,0
DA:137,0
LF:39
LH:8
BRDA:105,0,0,0
BRDA:105,0,1,0
BRDA:105,1,0,0
BRDA:105,1,1,0
BRF:4
BRH:0
end_of_record
TN:
SF:src/controllers/user.js
FN:9,(anonymous_0)
FN:29,(anonymous_1)
FN:58,(anonymous_2)
FN:59,(anonymous_3)
FN:64,(anonymous_4)
FN:87,(anonymous_5)
FN:111,(anonymous_6)
FN:125,(anonymous_7)
FN:132,(anonymous_8)
FNF:9
FNH:0
FNDA:0,(anonymous_0)
FNDA:0,(anonymous_1)
FNDA:0,(anonymous_2)
FNDA:0,(anonymous_3)
FNDA:0,(anonymous_4)
FNDA:0,(anonymous_5)
FNDA:0,(anonymous_6)
FNDA:0,(anonymous_7)
FNDA:0,(anonymous_8)
DA:9,1
DA:10,0
DA:11,0
DA:12,0
DA:14,0
DA:15,0
DA:16,0
DA:17,0
DA:19,0
DA:20,0
DA:29,1
DA:30,0
DA:32,0
DA:33,0
DA:40,0
DA:41,0
DA:42,0
DA:48,0
DA:49,0
DA:58,1
DA:59,0
DA:60,0
DA:64,1
DA:65,0
DA:67,0
DA:69,0
DA:70,0
DA:77,0
DA:79,0
DA:80,0
DA:87,0
DA:88,0
DA:103,0
DA:111,1
DA:112,0
DA:113,0
DA:115,0
DA:116,0
DA:117,0
DA:125,0
DA:126,0
DA:127,0
DA:133,0
DA:142,0
LF:44
LH:5
BRDA:12,0,0,0
BRDA:12,0,1,0
BRDA:32,1,0,0
BRDA:32,1,1,0
BRDA:41,2,0,0
BRDA:41,2,1,0
BRDA:69,3,0,0
BRDA:69,3,1,0
BRDA:69,4,0,0
BRDA:69,4,1,0
BRF:10
BRH:0
end_of_record
TN:
SF:src/helper/schema/blogSchema.js
FNF:0
FNH:0
DA:3,1
LF:1
LH:1
BRF:0
BRH:0
end_of_record
TN:
SF:src/middleware/admin.js
FN:3,isAdmin
FNF:1
FNH:0
FNDA:0,isAdmin
DA:1,1
DA:2,1
DA:4,0
DA:5,0
DA:7,0
DA:8,0
DA:9,0
DA:10,0
DA:11,0
DA:12,0
DA:15,0
DA:20,0
DA:25,0
DA:28,1
LF:14
LH:3
BRDA:5,0,0,0
BRDA:5,0,1,0
BRDA:10,1,0,0
BRDA:10,1,1,0
BRDA:11,2,0,0
BRDA:11,2,1,0
BRF:6
BRH:0
end_of_record
TN:
SF:src/middleware/auth.js
FN:6,(anonymous_0)
FNF:1
FNH:0
FNDA:0,(anonymous_0)
DA:4,1
DA:6,1
DA:7,0
DA:8,0
DA:10,0
DA:11,0
DA:12,0
DA:14,0
DA:15,0
DA:16,0
DA:19,0
DA:24,0
DA:25,0
LF:13
LH:2
BRDA:10,0,0,0
BRDA:10,0,1,0
BRDA:14,1,0,0
BRDA:14,1,1,0
BRF:4
BRH:0
end_of_record
TN:
SF:src/middleware/errorTemplate/errors.js
FN:8,(anonymous_0)
FNF:1
FNH:0
FNDA:0,(anonymous_0)
DA:4,1
DA:6,1
DA:9,0
DA:10,0
DA:16,0
DA:20,0
DA:21,0
DA:24,0
DA:25,0
DA:26,0
DA:29,0
LF:11
LH:2
BRDA:9,0,0,0
BRDA:9,0,1,0
BRDA:10,1,0,0
BRDA:10,1,1,0
BRF:4
BRH:0
end_of_record
TN:
SF:src/middleware/validators/blogValidation.js
FN:9,(anonymous_0)
FNF:1
FNH:0
FNDA:0,(anonymous_0)
DA:6,1
DA:10,0
DA:11,0
LF:3
LH:1
BRF:0
BRH:0
end_of_record
TN:
SF:src/models/blogs.js
FNF:0
FNH:0
DA:2,1
DA:24,1
DA:25,1
LF:3
LH:3
BRF:0
BRH:0
end_of_record
TN:
SF:src/models/inquiry.js
FNF:0
FNH:0
DA:2,1
DA:26,1
DA:27,1
LF:3
LH:3
BRF:0
BRH:0
end_of_record
TN:
SF:src/models/users.js
FNF:0
FNH:0
DA:3,1
DA:25,1
DA:26,1
LF:3
LH:3
BRF:0
BRH:0
end_of_record
TN:
SF:src/routes/blogs.js
FNF:0
FNH:0
DA:7,1
DA:9,1
DA:17,1
DA:19,1
DA:21,1
DA:23,1
LF:6
LH:6
BRF:0
BRH:0
end_of_record
TN:
SF:src/routes/inquiries.js
FNF:0
FNH:0
DA:1,1
DA:2,1
DA:4,1
DA:5,1
DA:7,1
DA:8,1
DA:9,1
DA:10,1
DA:11,1
DA:14,1
LF:10
LH:10
BRF:0
BRH:0
end_of_record
TN:
SF:src/routes/users.js
FNF:0
FNH:0
DA:7,1
DA:9,1
DA:11,1
DA:13,1
DA:15,1
DA:17,1
LF:6
LH:6
BRF:0
BRH:0
end_of_record
TN:
SF:src/utils/auth.currentUser.js
FN:4,currentUser
FNF:1
FNH:0
FNDA:0,currentUser
DA:1,1
DA:2,1
DA:5,0
DA:6,0
DA:8,0
DA:9,0
DA:10,0
DA:11,0
DA:12,0
DA:15,0
DA:20,0
DA:24,1
LF:12
LH:3
BRDA:6,0,0,0
BRDA:6,0,1,0
BRDA:11,1,0,0
BRDA:11,1,1,0
BRF:4
BRH:0
end_of_record
TN:
SF:src/utils/date.js
FN:1,(anonymous_0)
FNF:1
FNH:0
FNDA:0,(anonymous_0)
DA:2,0
DA:3,0
DA:4,0
LF:3
LH:0
BRF:0
BRH:0
end_of_record
TN:
SF:src/utils/hashPassword.js
FN:2,hashpassword
FNF:1
FNH:0
FNDA:0,hashpassword
DA:1,1
DA:3,0
DA:4,0
DA:6,1
LF:4
LH:2
BRF:0
BRH:0
end_of_record
TN:
SF:src/utils/jwtSigner.js
FN:5,(anonymous_0)
FNF:1
FNH:0
FNDA:0,(anonymous_0)
DA:5,1
DA:6,0
DA:7,0
LF:3
LH:1
BRF:0
BRH:0
end_of_record
TN:
SF:src/utils/response.js
FN:2,(anonymous_0)
FN:9,(anonymous_1)
FN:16,(anonymous_2)
FN:22,(anonymous_3)
FNF:4
FNH:1
FNDA:2,(anonymous_0)
FNDA:0,(anonymous_1)
FNDA:0,(anonymous_2)
FNDA:0,(anonymous_3)
DA:3,2
DA:4,2
DA:5,2
DA:6,2
DA:10,0
DA:11,0
DA:12,0
DA:13,0
DA:17,0
DA:18,0
DA:19,0
DA:23,0
DA:28,0
DA:29,0
DA:31,0
LF:15
LH:4
BRDA:28,0,0,0
BRDA:28,0,1,0
BRF:2
BRH:0
end_of_record
TN:
SF:src/utils/uniqueId.js
FN:1,create_UUID
FN:3,(anonymous_1)
FNF:2
FNH:0
FNDA:0,create_UUID
FNDA:0,(anonymous_1)
DA:2,0
DA:3,0
DA:4,0
DA:5,0
DA:6,0
DA:8,0
DA:10,1
LF:7
LH:1
BRDA:6,0,0,0
BRDA:6,0,1,0
BRF:2
BRH:0
end_of_record
